<?xml version="1.0" encoding="utf-8"?><testsuites name="pytest tests"><testsuite name="pytest" errors="0" failures="0" skipped="0" tests="16" time="3.729" timestamp="2026-04-15T05:43:58.596816+00:00" hostname="agent-env-5c6618af-f65f-4bd7-8611-65e11ad70f5c"><testcase classname="backend.tests.test_auto_post.TestAutoPostLanguages" name="test_get_languages_returns_200" time="0.258" /><testcase classname="backend.tests.test_auto_post.TestAutoPostLanguages" name="test_get_languages_returns_list" time="0.141" /><testcase classname="backend.tests.test_auto_post.TestAutoPostLanguages" name="test_get_languages_has_required_options" time="0.101" /><testcase classname="backend.tests.test_auto_post.TestAutoPostSchedules" name="test_get_schedules_returns_200" time="0.149" /><testcase classname="backend.tests.test_auto_post.TestAutoPostSchedules" name="test_get_schedules_returns_list" time="0.121" /><testcase classname="backend.tests.test_auto_post.TestAutoPostSchedules" name="test_create_schedule_success" time="0.253" /><testcase classname="backend.tests.test_auto_post.TestAutoPostSchedules" name="test_create_schedule_invalid_account_returns_404" time="0.115" /><testcase classname="backend.tests.test_auto_post.TestAutoPostSchedules" name="test_update_schedule_toggle_active" time="0.470" /><testcase classname="backend.tests.test_auto_post.TestAutoPostSchedules" name="test_update_schedule_theme" time="0.382" /><testcase classname="backend.tests.test_auto_post.TestAutoPostSchedules" name="test_delete_schedule_success" time="0.339" /><testcase classname="backend.tests.test_auto_post.TestAutoPostSchedules" name="test_delete_schedule_invalid_id_returns_404" time="0.104" /><testcase classname="backend.tests.test_auto_post.TestAutoPostHistory" name="test_get_history_returns_200" time="0.141" /><testcase classname="backend.tests.test_auto_post.TestAutoPostHistory" name="test_get_history_returns_list" time="0.114" /><testcase classname="backend.tests.test_auto_post.TestAutoPostHistory" name="test_get_history_with_limit" time="0.200" /><testcase classname="backend.tests.test_auto_post.TestAutoPostIntegration" name="test_full_crud_flow" time="0.645" /><testcase classname="backend.tests.test_auto_post.TestExistingAccount" name="test_existing_account_in_list" time="0.103" /></testsuite></testsuites>